<?xml version="1.0" encoding="UTF-8"?>
<!-- Generated by org.testng.reporters.JUnitReportReporter -->
<testsuite hostname="NBVZYS02" name="googleTestCases.Google_TCs_02" tests="1" failures="0" timestamp="4 Dec 2017 06:50:56 GMT" time="49.267" errors="0">
  <testcase name="google_TC_02" time="49.267" classname="googleTestCases.Google_TCs_02"/>
</testsuite> <!-- googleTestCases.Google_TCs_02 -->
