<?xml version="1.0" encoding="UTF-8"?>
<!-- Generated by org.testng.reporters.JUnitReportReporter -->
<testsuite hostname="NBVZYS02" name="googleTestCases.Google_TCs_01" tests="1" failures="0" timestamp="4 Dec 2017 07:33:46 GMT" time="63.158" errors="0">
  <testcase name="google_TC_01" time="63.158" classname="googleTestCases.Google_TCs_01"/>
</testsuite> <!-- googleTestCases.Google_TCs_01 -->
