<?xml version="1.0" encoding="UTF-8"?>
<!-- Generated by org.testng.reporters.JUnitReportReporter -->
<testsuite hostname="NBVZYS02" name="foodPanda.Assig_TCs05" tests="1" failures="0" timestamp="4 Dec 2017 07:39:36 GMT" time="97.611" errors="0">
  <testcase name="Test_TCs05" time="97.611" classname="foodPanda.Assig_TCs05"/>
</testsuite> <!-- foodPanda.Assig_TCs05 -->
