<?xml version="1.0" encoding="UTF-8"?>
<!-- Generated by org.testng.reporters.JUnitReportReporter -->
<testsuite hostname="NBVZYS02" name="onlineStore.DataProviderWithExcel" tests="4" failures="0" timestamp="17 Nov 2017 11:48:30 GMT" time="0.012" errors="0">
  <testcase name="Registration_data" time="0.006" classname="onlineStore.DataProviderWithExcel"/>
  <testcase name="Registration_data" time="0.002" classname="onlineStore.DataProviderWithExcel"/>
  <testcase name="Registration_data" time="0.002" classname="onlineStore.DataProviderWithExcel"/>
  <testcase name="Registration_data" time="0.002" classname="onlineStore.DataProviderWithExcel"/>
</testsuite> <!-- onlineStore.DataProviderWithExcel -->
