<?xml version="1.0" encoding="UTF-8"?>
<!-- Generated by org.testng.reporters.JUnitReportReporter -->
<testsuite hostname="NBVZYS02" name="zomato.Assig_TCs_04" tests="1" failures="0" timestamp="4 Dec 2017 07:36:21 GMT" time="70.755" errors="0">
  <testcase name="testAssigTC04" time="70.755" classname="zomato.Assig_TCs_04"/>
</testsuite> <!-- zomato.Assig_TCs_04 -->
