<?xml version="1.0" encoding="UTF-8"?>
<!-- Generated by org.testng.reporters.JUnitReportReporter -->
<testsuite hostname="NBVZYS02" name="com.crm.qa.testcases.LogInPageTest" tests="3" failures="0" timestamp="5 Dec 2017 11:39:34 GMT" time="49.775" errors="0">
  <testcase name="logInPageTitleTest" time="14.442" classname="com.crm.qa.testcases.LogInPageTest"/>
  <testcase name="CRMLogoImageTest" time="15.765" classname="com.crm.qa.testcases.LogInPageTest"/>
  <testcase name="logInTest" time="19.568" classname="com.crm.qa.testcases.LogInPageTest"/>
</testsuite> <!-- com.crm.qa.testcases.LogInPageTest -->
