<?xml version="1.0" encoding="UTF-8"?>
<!-- Generated by org.testng.reporters.JUnitReportReporter -->
<testsuite hostname="NBVZYS02" name="com.crm.qa.testcases.Test1" tests="1" failures="0" timestamp="5 Dec 2017 11:31:11 GMT" time="0.024" errors="0">
  <testcase name="TestClass" time="0.024" classname="com.crm.qa.testcases.Test1"/>
</testsuite> <!-- com.crm.qa.testcases.Test1 -->
